android/app/build/intermediates/manifest_merge_blame_file/debug/processDebugMainManifest/manifest-merger-blame-debug-report.txt
1<?xml version="1.0" encoding="utf-8"?>
2<manifest xmlns:android="http://schemas.android.com/apk/res/android"
3    package="com.eventradars.app"
4    android:versionCode="1"
5    android:versionName="1.0" >
6
7    <uses-sdk
8        android:minSdkVersion="23"
9        android:targetSdkVersion="35" />
10
11    <!-- Permissions -->
12
13    <uses-permission android:name="android.permission.INTERNET" />
13-->src\main\AndroidManifest.xml:40:5-67
13-->src\main\AndroidManifest.xml:40:22-64
14    <uses-permission android:name="android.permission.ACCESS_FINE_LOCATION" />
14-->src\main\AndroidManifest.xml:41:5-79
14-->src\main\AndroidManifest.xml:41:22-76
15    <uses-permission android:name="android.permission.ACCESS_COARSE_LOCATION" />
15-->src\main\AndroidManifest.xml:42:5-81
15-->src\main\AndroidManifest.xml:42:22-78
16    <uses-permission android:name="android.permission.CAMERA" />
16-->src\main\AndroidManifest.xml:43:5-65
16-->src\main\AndroidManifest.xml:43:22-62
17    <uses-permission android:name="android.permission.READ_EXTERNAL_STORAGE" />
17-->src\main\AndroidManifest.xml:44:5-80
17-->src\main\AndroidManifest.xml:44:22-77
18    <uses-permission
18-->src\main\AndroidManifest.xml:45:5-108
19        android:name="android.permission.WRITE_EXTERNAL_STORAGE"
19-->src\main\AndroidManifest.xml:45:22-78
20        android:maxSdkVersion="32" />
20-->src\main\AndroidManifest.xml:45:79-105
21
22    <uses-feature
22-->src\main\AndroidManifest.xml:46:5-85
23        android:name="android.hardware.camera"
23-->src\main\AndroidManifest.xml:46:19-57
24        android:required="false" />
24-->src\main\AndroidManifest.xml:46:58-82
25    <uses-feature
25-->src\main\AndroidManifest.xml:47:5-91
26        android:name="android.hardware.location.gps"
26-->src\main\AndroidManifest.xml:47:19-63
27        android:required="false" />
27-->src\main\AndroidManifest.xml:47:64-88
28
29    <queries>
29-->[:capacitor-camera] AndroidManifest.xml:7:5-11:15
30        <intent>
30-->[:capacitor-camera] AndroidManifest.xml:8:9-10:18
31            <action android:name="android.media.action.IMAGE_CAPTURE" />
31-->[:capacitor-camera] AndroidManifest.xml:9:13-73
31-->[:capacitor-camera] AndroidManifest.xml:9:21-70
32        </intent>
33    </queries>
34
35    <permission
35-->[androidx.core:core:1.15.0] AndroidManifest.xml:22:5-24:47
36        android:name="com.eventradars.app.DYNAMIC_RECEIVER_NOT_EXPORTED_PERMISSION"
36-->[androidx.core:core:1.15.0] AndroidManifest.xml:23:9-81
37        android:protectionLevel="signature" />
37-->[androidx.core:core:1.15.0] AndroidManifest.xml:24:9-44
38
39    <uses-permission android:name="com.eventradars.app.DYNAMIC_RECEIVER_NOT_EXPORTED_PERMISSION" />
39-->[androidx.core:core:1.15.0] AndroidManifest.xml:26:5-97
39-->[androidx.core:core:1.15.0] AndroidManifest.xml:26:22-94
40
41    <application
41-->src\main\AndroidManifest.xml:4:5-36:19
42        android:allowBackup="true"
42-->src\main\AndroidManifest.xml:5:9-35
43        android:appComponentFactory="androidx.core.app.CoreComponentFactory"
43-->[androidx.core:core:1.15.0] AndroidManifest.xml:28:18-86
44        android:debuggable="true"
45        android:extractNativeLibs="false"
46        android:icon="@mipmap/ic_launcher"
46-->src\main\AndroidManifest.xml:6:9-43
47        android:label="@string/app_name"
47-->src\main\AndroidManifest.xml:7:9-41
48        android:roundIcon="@mipmap/ic_launcher_round"
48-->src\main\AndroidManifest.xml:8:9-54
49        android:supportsRtl="true"
49-->src\main\AndroidManifest.xml:9:9-35
50        android:testOnly="true"
51        android:theme="@style/AppTheme" >
51-->src\main\AndroidManifest.xml:10:9-40
52        <activity
52-->src\main\AndroidManifest.xml:12:9-25:20
53            android:name="com.eventradars.app.MainActivity"
53-->src\main\AndroidManifest.xml:14:13-41
54            android:configChanges="orientation|keyboardHidden|keyboard|screenSize|locale|smallestScreenSize|screenLayout|uiMode|navigation"
54-->src\main\AndroidManifest.xml:13:13-140
55            android:exported="true"
55-->src\main\AndroidManifest.xml:18:13-36
56            android:label="@string/title_activity_main"
56-->src\main\AndroidManifest.xml:15:13-56
57            android:launchMode="singleTask"
57-->src\main\AndroidManifest.xml:17:13-44
58            android:theme="@style/AppTheme.NoActionBarLaunch" >
58-->src\main\AndroidManifest.xml:16:13-62
59            <intent-filter>
59-->src\main\AndroidManifest.xml:20:13-23:29
60                <action android:name="android.intent.action.MAIN" />
60-->src\main\AndroidManifest.xml:21:17-69
60-->src\main\AndroidManifest.xml:21:25-66
61
62                <category android:name="android.intent.category.LAUNCHER" />
62-->src\main\AndroidManifest.xml:22:17-77
62-->src\main\AndroidManifest.xml:22:27-74
63            </intent-filter>
64        </activity>
65
66        <provider
67            android:name="androidx.core.content.FileProvider"
67-->src\main\AndroidManifest.xml:28:13-62
68            android:authorities="com.eventradars.app.fileprovider"
68-->src\main\AndroidManifest.xml:29:13-64
69            android:exported="false"
69-->src\main\AndroidManifest.xml:30:13-37
70            android:grantUriPermissions="true" >
70-->src\main\AndroidManifest.xml:31:13-47
71            <meta-data
71-->src\main\AndroidManifest.xml:32:13-34:64
72                android:name="android.support.FILE_PROVIDER_PATHS"
72-->src\main\AndroidManifest.xml:33:17-67
73                android:resource="@xml/file_paths" />
73-->src\main\AndroidManifest.xml:34:17-51
74        </provider>
75
76        <activity
76-->[com.google.android.gms:play-services-base:18.5.0] AndroidManifest.xml:5:9-173
77            android:name="com.google.android.gms.common.api.GoogleApiActivity"
77-->[com.google.android.gms:play-services-base:18.5.0] AndroidManifest.xml:5:19-85
78            android:exported="false"
78-->[com.google.android.gms:play-services-base:18.5.0] AndroidManifest.xml:5:146-170
79            android:theme="@android:style/Theme.Translucent.NoTitleBar" />
79-->[com.google.android.gms:play-services-base:18.5.0] AndroidManifest.xml:5:86-145
80
81        <provider
81-->[androidx.emoji2:emoji2:1.3.0] AndroidManifest.xml:24:9-32:20
82            android:name="androidx.startup.InitializationProvider"
82-->[androidx.emoji2:emoji2:1.3.0] AndroidManifest.xml:25:13-67
83            android:authorities="com.eventradars.app.androidx-startup"
83-->[androidx.emoji2:emoji2:1.3.0] AndroidManifest.xml:26:13-68
84            android:exported="false" >
84-->[androidx.emoji2:emoji2:1.3.0] AndroidManifest.xml:27:13-37
85            <meta-data
85-->[androidx.emoji2:emoji2:1.3.0] AndroidManifest.xml:29:13-31:52
86                android:name="androidx.emoji2.text.EmojiCompatInitializer"
86-->[androidx.emoji2:emoji2:1.3.0] AndroidManifest.xml:30:17-75
87                android:value="androidx.startup" />
87-->[androidx.emoji2:emoji2:1.3.0] AndroidManifest.xml:31:17-49
88            <meta-data
88-->[androidx.lifecycle:lifecycle-process:2.6.2] AndroidManifest.xml:29:13-31:52
89                android:name="androidx.lifecycle.ProcessLifecycleInitializer"
89-->[androidx.lifecycle:lifecycle-process:2.6.2] AndroidManifest.xml:30:17-78
90                android:value="androidx.startup" />
90-->[androidx.lifecycle:lifecycle-process:2.6.2] AndroidManifest.xml:31:17-49
91            <meta-data
91-->[androidx.profileinstaller:profileinstaller:1.3.1] AndroidManifest.xml:29:13-31:52
92                android:name="androidx.profileinstaller.ProfileInstallerInitializer"
92-->[androidx.profileinstaller:profileinstaller:1.3.1] AndroidManifest.xml:30:17-85
93                android:value="androidx.startup" />
93-->[androidx.profileinstaller:profileinstaller:1.3.1] AndroidManifest.xml:31:17-49
94        </provider>
95
96        <meta-data
96-->[com.google.android.gms:play-services-basement:18.4.0] AndroidManifest.xml:6:9-122
97            android:name="com.google.android.gms.version"
97-->[com.google.android.gms:play-services-basement:18.4.0] AndroidManifest.xml:6:20-65
98            android:value="@integer/google_play_services_version" />
98-->[com.google.android.gms:play-services-basement:18.4.0] AndroidManifest.xml:6:66-119
99
100        <receiver
100-->[androidx.profileinstaller:profileinstaller:1.3.1] AndroidManifest.xml:34:9-52:20
101            android:name="androidx.profileinstaller.ProfileInstallReceiver"
101-->[androidx.profileinstaller:profileinstaller:1.3.1] AndroidManifest.xml:35:13-76
102            android:directBootAware="false"
102-->[androidx.profileinstaller:profileinstaller:1.3.1] AndroidManifest.xml:36:13-44
103            android:enabled="true"
103-->[androidx.profileinstaller:profileinstaller:1.3.1] AndroidManifest.xml:37:13-35
104            android:exported="true"
104-->[androidx.profileinstaller:profileinstaller:1.3.1] AndroidManifest.xml:38:13-36
105            android:permission="android.permission.DUMP" >
105-->[androidx.profileinstaller:profileinstaller:1.3.1] AndroidManifest.xml:39:13-57
106            <intent-filter>
106-->[androidx.profileinstaller:profileinstaller:1.3.1] AndroidManifest.xml:40:13-42:29
107                <action android:name="androidx.profileinstaller.action.INSTALL_PROFILE" />
107-->[androidx.profileinstaller:profileinstaller:1.3.1] AndroidManifest.xml:41:17-91
107-->[androidx.profileinstaller:profileinstaller:1.3.1] AndroidManifest.xml:41:25-88
108            </intent-filter>
109            <intent-filter>
109-->[androidx.profileinstaller:profileinstaller:1.3.1] AndroidManifest.xml:43:13-45:29
110                <action android:name="androidx.profileinstaller.action.SKIP_FILE" />
110-->[androidx.profileinstaller:profileinstaller:1.3.1] AndroidManifest.xml:44:17-85
110-->[androidx.profileinstaller:profileinstaller:1.3.1] AndroidManifest.xml:44:25-82
111            </intent-filter>
112            <intent-filter>
112-->[androidx.profileinstaller:profileinstaller:1.3.1] AndroidManifest.xml:46:13-48:29
113                <action android:name="androidx.profileinstaller.action.SAVE_PROFILE" />
113-->[androidx.profileinstaller:profileinstaller:1.3.1] AndroidManifest.xml:47:17-88
113-->[androidx.profileinstaller:profileinstaller:1.3.1] AndroidManifest.xml:47:25-85
114            </intent-filter>
115            <intent-filter>
115-->[androidx.profileinstaller:profileinstaller:1.3.1] AndroidManifest.xml:49:13-51:29
116                <action android:name="androidx.profileinstaller.action.BENCHMARK_OPERATION" />
116-->[androidx.profileinstaller:profileinstaller:1.3.1] AndroidManifest.xml:50:17-95
116-->[androidx.profileinstaller:profileinstaller:1.3.1] AndroidManifest.xml:50:25-92
117            </intent-filter>
118        </receiver>
119    </application>
120
121</manifest>